
                           Design Compiler Graphical 
                                 DC Ultra (TM)
                                  DFTMAX (TM)
                              Power Compiler (TM)
                                 DesignWare (R)
                                 DC Expert (TM)
                               Design Vision (TM)
                               HDL Compiler (TM)
                               VHDL Compiler (TM)
                                  DFT Compiler
                               Design Compiler(R)

              Version L-2016.03-SP4-1 for linux64 - Sep 10, 2016 

                    Copyright (c) 1988 - 2016 Synopsys, Inc.
   This software and the associated documentation are proprietary to Synopsys,
 Inc. This software may only be used in accordance with the terms and conditions
 of a written license agreement with Synopsys, Inc. All other use, reproduction,
            or distribution of this software is strictly prohibited.
Initializing...
echo "********** CS552 Reading files begin ********************"
********** CS552 Reading files begin ********************
set my_verilog_files [list buffer4x64.v fifo.v head_ctrl.v mux_2_1.v nand2.v not1.v register.v sc_5.v tail_ctrl.v dff.v  ]
buffer4x64.v fifo.v head_ctrl.v mux_2_1.v nand2.v not1.v register.v sc_5.v tail_ctrl.v dff.v
set my_toplevel fifo
fifo
define_design_lib WORK -path ./WORK
1
analyze -f verilog $my_verilog_files
Running PRESTO HDLC
Compiling source file ./buffer4x64.v
Compiling source file ./fifo.v
Compiling source file ./head_ctrl.v
Compiling source file ./mux_2_1.v
Compiling source file ./nand2.v
Compiling source file ./not1.v
Compiling source file ./register.v
Compiling source file ./sc_5.v
Compiling source file ./tail_ctrl.v
Compiling source file ./dff.v
Warning:  ./dff.v:15: delays for continuous assignment are ignored. (VER-173)
Presto compilation completed successfully.
Loading db file '/u/k/a/karu/courses/cs552/cad/Synopsys_Libraries/libs/gscl45nm.db'
1
elaborate $my_toplevel -architecture verilog
Loading db file '/s/synopsys-2016_09_23/@sys/L-2016.03-SP4-1/libraries/syn/gtech.db'
Loading db file '/s/synopsys-2016_09_23/@sys/L-2016.03-SP4-1/libraries/syn/standard.sldb'
  Loading link library 'gscl45nm'
  Loading link library 'gtech'
Running PRESTO HDLC
Warning:  ./fifo.v:27: signed to unsigned assignment occurs. (VER-318)
Presto compilation completed successfully.
Elaborated 1 design.
Current design is now 'fifo'.
Information: Building the design 'head_ctrl'. (HDL-193)

Statistics for case statements in always block at line 17 in file
	'./head_ctrl.v'
===============================================
|           Line           |  full/ parallel  |
===============================================
|            19            |    auto/auto     |
===============================================
Presto compilation completed successfully.
Information: Building the design 'tail_ctrl'. (HDL-193)

Statistics for case statements in always block at line 18 in file
	'./tail_ctrl.v'
===============================================
|           Line           |  full/ parallel  |
===============================================
|            20            |    auto/auto     |
===============================================
Presto compilation completed successfully.
Information: Building the design 'buffer4x64'. (HDL-193)

Statistics for case statements in always block at line 27 in file
	'./buffer4x64.v'
===============================================
|           Line           |  full/ parallel  |
===============================================
|            28            |    auto/auto     |
===============================================

Statistics for case statements in always block at line 58 in file
	'./buffer4x64.v'
===============================================
|           Line           |  full/ parallel  |
===============================================
|            59            |    auto/auto     |
===============================================
Presto compilation completed successfully.
Information: Building the design 'sc_5'. (HDL-193)
Warning:  ./sc_5.v:21: DEFAULT branch of CASE statement cannot be reached. (ELAB-311)

Statistics for case statements in always block at line 19 in file
	'./sc_5.v'
===============================================
|           Line           |  full/ parallel  |
===============================================
|            21            |    auto/auto     |
===============================================

Inferred memory devices in process
	in routine sc_5 line 19 in file
		'./sc_5.v'.
===========================================================================
|    Register Name    | Type  | Width | Bus | MB | AR | AS | SR | SS | ST |
===========================================================================
|    fifo_full_reg    | Latch |   1   |  N  | N  | N  | N  | -  | -  | -  |
|       err_reg       | Latch |   1   |  N  | N  | N  | N  | -  | -  | -  |
|   fifo_empty_reg    | Latch |   1   |  N  | N  | N  | N  | -  | -  | -  |
===========================================================================
Presto compilation completed successfully.
Information: Building the design 'dff'. (HDL-193)

Inferred memory devices in process
	in routine dff line 17 in file
		'./dff.v'.
===============================================================================
|    Register Name    |   Type    | Width | Bus | MB | AR | AS | SR | SS | ST |
===============================================================================
|      state_reg      | Flip-flop |   1   |  N  | N  | N  | N  | N  | N  | N  |
===============================================================================
Presto compilation completed successfully.
Information: Building the design 'register' instantiated from design 'buffer4x64' with
	the parameters "64". (HDL-193)
Presto compilation completed successfully.
Information: Building the design 'mux_2_1'. (HDL-193)
Presto compilation completed successfully.
Information: Building the design 'not1'. (HDL-193)
Presto compilation completed successfully.
Information: Building the design 'nand2'. (HDL-193)
Presto compilation completed successfully.
1
echo "********** CS552 Reading files end ********************"
********** CS552 Reading files end ********************
current_design $my_toplevel
Current design is 'fifo'.
{fifo}
#/* The name of the clock pin. If no clock-pin     */
#/* exists, pick anything                          */
set my_clock_pin clk
clk
#/* Target frequency in MHz for optimization       */
set my_clk_freq_MHz 1000
1000
#/* Delay of input signals (Clock-to-Q, Package etc.)  */
set my_input_delay_ns 0.1
0.1
#/* Reserved time for output signals (Holdtime etc.)   */
set my_output_delay_ns 0.1
0.1
#/**************************************************/
#/* No modifications needed below                  */
#/**************************************************/
set verilogout_show_unconnected_pins "true"
true
# analyze -f verilog $my_verilog_files
# elaborate $my_toplevel -architecture verilog
# current_design $my_toplevel
report_hierarchy 
 
****************************************
Report : hierarchy
Design : fifo
Version: L-2016.03-SP4-1
Date   : Thu Mar 23 15:47:42 2017
****************************************

Information: This design contains unmapped logic. (RPT-7)

fifo
    GTECH_AND2                               gtech
    GTECH_BUF                                gtech
    GTECH_NOT                                gtech
    buffer4x64
        GTECH_AND2                           gtech
        GTECH_BUF                            gtech
        GTECH_NOT                            gtech
        GTECH_OR2                            gtech
        register_WIDTH64
            dff
                GTECH_BUF                    gtech
                GTECH_NOT                    gtech
            mux_2_1
                nand2
                    GTECH_AND2               gtech
                    GTECH_NOT                gtech
                not1
                    GTECH_NOT                gtech
    head_ctrl
        GTECH_AND2                           gtech
        GTECH_BUF                            gtech
        GTECH_NOT                            gtech
        GTECH_OR2                            gtech
        dff
            ...
    sc_5
        GTECH_AND2                           gtech
        GTECH_BUF                            gtech
        GTECH_NOT                            gtech
        GTECH_OR2                            gtech
        dff
            ...
    tail_ctrl
        GTECH_AND2                           gtech
        GTECH_BUF                            gtech
        GTECH_NOT                            gtech
        GTECH_OR2                            gtech
        dff
            ...
1
link

  Linking design 'fifo'
  Using the following designs and libraries:
  --------------------------------------------------------------------------
  gscl45nm (library)          /u/k/a/karu/courses/cs552/cad/Synopsys_Libraries/libs/gscl45nm.db

1
uniquify
Information: Uniquified 263 instances of design 'dff'. (OPT-1056)
Information: Uniquified 4 instances of design 'register_WIDTH64'. (OPT-1056)
Information: Uniquified 256 instances of design 'mux_2_1'. (OPT-1056)
Information: Uniquified 256 instances of design 'not1'. (OPT-1056)
Information: Uniquified 768 instances of design 'nand2'. (OPT-1056)
1
set my_period [expr 1000 / $my_clk_freq_MHz]
1
set find_clock [ find port [list $my_clock_pin] ]
{clk}
if {  $find_clock != [list] } {
   set clk_name $my_clock_pin
   create_clock -period $my_period $clk_name
} else {
   set clk_name vclk
   create_clock -period $my_period -name $clk_name
} 
1
set_driving_cell  -lib_cell INVX1  [all_inputs]
Warning: Design rule attributes from the driving cell will be
	set on the port. (UID-401)
Warning: Design rule attributes from the driving cell will be
	set on the port. (UID-401)
Warning: Design rule attributes from the driving cell will be
	set on the port. (UID-401)
Warning: Design rule attributes from the driving cell will be
	set on the port. (UID-401)
Warning: Design rule attributes from the driving cell will be
	set on the port. (UID-401)
Warning: Design rule attributes from the driving cell will be
	set on the port. (UID-401)
Warning: Design rule attributes from the driving cell will be
	set on the port. (UID-401)
Warning: Design rule attributes from the driving cell will be
	set on the port. (UID-401)
Warning: Design rule attributes from the driving cell will be
	set on the port. (UID-401)
Warning: Design rule attributes from the driving cell will be
	set on the port. (UID-401)
Warning: Design rule attributes from the driving cell will be
	set on the port. (UID-401)
Warning: Design rule attributes from the driving cell will be
	set on the port. (UID-401)
Warning: Design rule attributes from the driving cell will be
	set on the port. (UID-401)
Warning: Design rule attributes from the driving cell will be
	set on the port. (UID-401)
Warning: Design rule attributes from the driving cell will be
	set on the port. (UID-401)
Warning: Design rule attributes from the driving cell will be
	set on the port. (UID-401)
Warning: Design rule attributes from the driving cell will be
	set on the port. (UID-401)
Warning: Design rule attributes from the driving cell will be
	set on the port. (UID-401)
Warning: Design rule attributes from the driving cell will be
	set on the port. (UID-401)
Warning: Design rule attributes from the driving cell will be
	set on the port. (UID-401)
Warning: Design rule attributes from the driving cell will be
	set on the port. (UID-401)
Warning: Design rule attributes from the driving cell will be
	set on the port. (UID-401)
Warning: Design rule attributes from the driving cell will be
	set on the port. (UID-401)
Warning: Design rule attributes from the driving cell will be
	set on the port. (UID-401)
Warning: Design rule attributes from the driving cell will be
	set on the port. (UID-401)
Warning: Design rule attributes from the driving cell will be
	set on the port. (UID-401)
Warning: Design rule attributes from the driving cell will be
	set on the port. (UID-401)
Warning: Design rule attributes from the driving cell will be
	set on the port. (UID-401)
Warning: Design rule attributes from the driving cell will be
	set on the port. (UID-401)
Warning: Design rule attributes from the driving cell will be
	set on the port. (UID-401)
Warning: Design rule attributes from the driving cell will be
	set on the port. (UID-401)
Warning: Design rule attributes from the driving cell will be
	set on the port. (UID-401)
Warning: Design rule attributes from the driving cell will be
	set on the port. (UID-401)
Warning: Design rule attributes from the driving cell will be
	set on the port. (UID-401)
Warning: Design rule attributes from the driving cell will be
	set on the port. (UID-401)
Warning: Design rule attributes from the driving cell will be
	set on the port. (UID-401)
Warning: Design rule attributes from the driving cell will be
	set on the port. (UID-401)
Warning: Design rule attributes from the driving cell will be
	set on the port. (UID-401)
Warning: Design rule attributes from the driving cell will be
	set on the port. (UID-401)
Warning: Design rule attributes from the driving cell will be
	set on the port. (UID-401)
Warning: Design rule attributes from the driving cell will be
	set on the port. (UID-401)
Warning: Design rule attributes from the driving cell will be
	set on the port. (UID-401)
Warning: Design rule attributes from the driving cell will be
	set on the port. (UID-401)
Warning: Design rule attributes from the driving cell will be
	set on the port. (UID-401)
Warning: Design rule attributes from the driving cell will be
	set on the port. (UID-401)
Warning: Design rule attributes from the driving cell will be
	set on the port. (UID-401)
Warning: Design rule attributes from the driving cell will be
	set on the port. (UID-401)
Warning: Design rule attributes from the driving cell will be
	set on the port. (UID-401)
Warning: Design rule attributes from the driving cell will be
	set on the port. (UID-401)
Warning: Design rule attributes from the driving cell will be
	set on the port. (UID-401)
Warning: Design rule attributes from the driving cell will be
	set on the port. (UID-401)
Warning: Design rule attributes from the driving cell will be
	set on the port. (UID-401)
Warning: Design rule attributes from the driving cell will be
	set on the port. (UID-401)
Warning: Design rule attributes from the driving cell will be
	set on the port. (UID-401)
Warning: Design rule attributes from the driving cell will be
	set on the port. (UID-401)
Warning: Design rule attributes from the driving cell will be
	set on the port. (UID-401)
Warning: Design rule attributes from the driving cell will be
	set on the port. (UID-401)
Warning: Design rule attributes from the driving cell will be
	set on the port. (UID-401)
Warning: Design rule attributes from the driving cell will be
	set on the port. (UID-401)
Warning: Design rule attributes from the driving cell will be
	set on the port. (UID-401)
Warning: Design rule attributes from the driving cell will be
	set on the port. (UID-401)
Warning: Design rule attributes from the driving cell will be
	set on the port. (UID-401)
Warning: Design rule attributes from the driving cell will be
	set on the port. (UID-401)
Warning: Design rule attributes from the driving cell will be
	set on the port. (UID-401)
Warning: Design rule attributes from the driving cell will be
	set on the port. (UID-401)
Warning: Design rule attributes from the driving cell will be
	set on the port. (UID-401)
Warning: Design rule attributes from the driving cell will be
	set on the port. (UID-401)
Warning: Design rule attributes from the driving cell will be
	set on the port. (UID-401)
1
set_input_delay $my_input_delay_ns -clock $clk_name [remove_from_collection [all_inputs] $my_clock_pin]
1
set_output_delay $my_output_delay_ns -clock $clk_name [all_outputs]
1
compile 
Warning: Setting attribute 'fix_multiple_port_nets' on design 'fifo'. (UIO-59)
Information: Evaluating DesignWare library utilization. (UISN-27)

============================================================================
| DesignWare Building Block Library  |         Version         | Available |
============================================================================
| Basic DW Building Blocks           | L-2016.03-DWBB_201603.4 |     *     |
| Licensed DW Building Blocks        |                         |           |
============================================================================



  Beginning Pass 1 Mapping
  ------------------------
  Processing 'dff_66'
  Processing 'sc_5'
Information: The register 'err_reg' is a constant and will be removed. (OPT-1206)
  Processing 'nand2_381'
  Processing 'not1_127'
  Processing 'mux_2_1_127'
  Processing 'register_WIDTH64_0'
  Processing 'register_WIDTH64_2'
  Processing 'register_WIDTH64_3'
  Processing 'buffer4x64'
  Processing 'tail_ctrl'
  Processing 'head_ctrl'
  Processing 'fifo'

  Updating timing information
Information: Updating design information... (UID-85)

  Beginning Mapping Optimizations  (Medium effort)
  -------------------------------

                                  TOTAL                                      
   ELAPSED            WORST NEG   SETUP    DESIGN                            
    TIME      AREA      SLACK     COST    RULE COST         ENDPOINT         
  --------- --------- --------- --------- --------- -------------------------
    0:00:01    6106.5      0.47     132.4       3.9                          
    0:00:01    6106.5      0.47     132.4       3.9                          
    0:00:01    6255.8      0.47     102.1       3.7                          
    0:00:01    6378.7      0.47      71.9       3.5                          
    0:00:01    6501.7      0.47      41.6       3.3                          
    0:00:01    6624.6      0.18      11.3       3.0                          
    0:00:01    6736.3      0.00       0.0       2.7                          
    0:00:01    6736.3      0.00       0.0       2.7                          
    0:00:01    6736.3      0.00       0.0       2.7                          
    0:00:01    6736.3      0.00       0.0       2.7                          
    0:00:01    6736.3      0.00       0.0       2.7                          
    0:00:02    5909.0      0.00       0.0       2.4                          
    0:00:02    5909.0      0.00       0.0       2.4                          
    0:00:02    5909.0      0.00       0.0       2.4                          
    0:00:02    5909.0      0.00       0.0       2.4                          
    0:00:02    5909.0      0.00       0.0       2.4                          
    0:00:02    6069.9      0.00       0.0       2.2                          
    0:00:03    6267.0      0.00       0.0       2.0                          
    0:00:03    6459.9      0.00       0.0       1.8                          
    0:00:03    6652.8      0.00       0.0       1.7                          
    0:00:03    6836.8      0.00       0.0       1.5                          
    0:00:03    7018.9      0.00       0.0       1.3                          
    0:00:03    7198.6      0.00       0.0       1.2                          
    0:00:03    7369.9      0.00       0.0       1.0                          
    0:00:03    7541.2      0.00       0.0       0.8                          
    0:00:03    7705.4      0.00       0.0       0.7                          
    0:00:04    7869.7      0.00       0.0       0.5                          
    0:00:04    7869.7      0.00       0.0       0.5                          



  Beginning Delay Optimization Phase
  ----------------------------------

                                  TOTAL                                      
   ELAPSED            WORST NEG   SETUP    DESIGN                            
    TIME      AREA      SLACK     COST    RULE COST         ENDPOINT         
  --------- --------- --------- --------- --------- -------------------------
    0:00:04    7869.7      0.00       0.0       0.5                          
    0:00:04    7869.7      0.00       0.0       0.5                          
    0:00:04    7869.7      0.00       0.0       0.5                          


  Beginning Design Rule Fixing  (max_capacitance)
  ----------------------------

                                  TOTAL                                      
   ELAPSED            WORST NEG   SETUP    DESIGN                            
    TIME      AREA      SLACK     COST    RULE COST         ENDPOINT         
  --------- --------- --------- --------- --------- -------------------------
    0:00:04    7869.7      0.00       0.0       0.5                          
    0:00:04    8059.3      0.00       0.0       0.5 buffer/n13               
    0:00:04    8198.7      0.00       0.0       0.4 buffer/n133              
    0:00:04    8337.6      0.00       0.0       0.4 buffer/n108              
    0:00:04    8515.9      0.00       0.0       0.4 buffer/reg1/bits[49]/N3  
    0:00:04    8703.2      0.00       0.0       0.3 buffer/r_data<36>        
    0:00:04    8810.6      0.00       0.0       0.2 buffer/reg3/write_enable[37]/C/out
    0:00:05    8823.3      0.00       0.0       0.2                          


  Beginning Area-Recovery Phase  (cleanup)
  -----------------------------

                                  TOTAL                                      
   ELAPSED            WORST NEG   SETUP    DESIGN                            
    TIME      AREA      SLACK     COST    RULE COST         ENDPOINT         
  --------- --------- --------- --------- --------- -------------------------
    0:00:05    8823.3      0.00       0.0       0.2                          
    0:00:05    8823.3      0.00       0.0       0.2                          
    0:00:06    8457.3      0.00       0.0       0.2                          
    0:00:06    8351.7      0.00       0.0       0.2                          
    0:00:06    8248.9      0.00       0.0       0.2                          
    0:00:06    8234.8      0.00       0.0       0.2                          
    0:00:06    8229.2      0.00       0.0       0.2                          
    0:00:06    8229.2      0.00       0.0       0.2                          
    0:00:06    8229.2      0.00       0.0       0.2                          
    0:00:06    8078.5      0.00       0.0       0.2                          
    0:00:06    8078.5      0.00       0.0       0.2                          
    0:00:06    8078.5      0.00       0.0       0.2                          
    0:00:06    8078.5      0.00       0.0       0.2                          
    0:00:06    8078.5      0.00       0.0       0.2                          
    0:00:06    8078.5      0.00       0.0       0.2                          
    0:00:06    8078.5      0.00       0.0       0.2                          
Loading db file '/u/k/a/karu/courses/cs552/cad/Synopsys_Libraries/libs/gscl45nm.db'


Note: Symbol # after min delay cost means estimated hold TNS across all active scenarios 


  Optimization Complete
  ---------------------
1
check_design -summary
 
****************************************
check_design summary:
Version:     L-2016.03-SP4-1
Date:        Thu Mar 23 15:47:50 2017
****************************************

                   Name                                            Total
--------------------------------------------------------------------------------
Inputs/Outputs                                                      2
    Constant outputs (LINT-52)                                      2

Nets                                                                1
    Unloaded nets (LINT-2)                                          1
--------------------------------------------------------------------------------

Information: Use the 'check_design' command for 
	 more information about warnings. (LINT-98)

1
set filename [format "%s%s"  $my_toplevel ".syn.v"]
fifo.syn.v
write -hierarchy -f verilog $my_toplevel -output synth/$filename
Writing verilog file '/afs/cs.wisc.edu/u/y/i/yizheng/ECE552/HW4/synth/fifo.syn.v'.
Warning: Bus naming style currently specified as %s<%d>, verilog syntax requires bus naming style to be "[]".  (VO-13)
Warning: Verilog 'assign' or 'tran' statements are written out. (VO-4)
1
set filename [format "%s%s"  $my_toplevel ".ddc"]
fifo.ddc
write -hierarchy -format ddc -output synth/$filename
Writing ddc file 'synth/fifo.ddc'.
1
report_hierarchy > synth/hierarchy.txt
report_reference > synth/reference_report.txt
report_area > synth/area_report.txt
report_cell > synth/cell_report.txt
report_timing -max_paths 20 > synth/timing_report.txt
report_power > synth/power_report.txt
quit

Thank you...
